<?xml version="1.0" encoding="UTF-8"?>
<testsuite name="com.tripify.hotels.service.service.filter.HotelFilterResolverTest" tests="2" skipped="0" failures="0" errors="0" timestamp="2026-05-24T16:09:41.753Z" hostname="114989913i" time="0.004">
  <properties/>
  <testcase name="resolve_rejectsUnknownFilter()" classname="com.tripify.hotels.service.service.filter.HotelFilterResolverTest" time="0.002"/>
  <testcase name="resolve_splitsFiltersByType()" classname="com.tripify.hotels.service.service.filter.HotelFilterResolverTest" time="0.001"/>
  <system-out><![CDATA[]]></system-out>
  <system-err><![CDATA[]]></system-err>
</testsuite>
