<?xml version="1.0" encoding="UTF-8"?>
<testsuite name="com.tripify.pack.controller.PacksApiControllerTest" tests="3" skipped="0" failures="0" errors="0" timestamp="2026-06-01T01:35:38.533Z" hostname="114989913i" time="1.005">
  <properties/>
  <testcase name="getPacksReturnsCompletedPackCards()" classname="com.tripify.pack.controller.PacksApiControllerTest" time="0.979"/>
  <testcase name="getPacksUserViewUsesUserIdHeaderWhenPresent()" classname="com.tripify.pack.controller.PacksApiControllerTest" time="0.011"/>
  <testcase name="getPacksUserViewUsesAnonymousIdWhenJwtAbsent()" classname="com.tripify.pack.controller.PacksApiControllerTest" time="0.012"/>
  <system-out><![CDATA[04:35:39.256 [Test worker] INFO org.hibernate.validator.internal.util.Version -- HV000001: Hibernate Validator 9.0.1.Final
04:35:39.383 [Test worker] INFO org.springframework.mock.web.MockServletContext -- Initializing Spring TestDispatcherServlet ''
04:35:39.383 [Test worker] INFO org.springframework.test.web.servlet.TestDispatcherServlet -- Initializing Servlet ''
04:35:39.385 [Test worker] INFO org.springframework.test.web.servlet.TestDispatcherServlet -- Completed initialization in 1 ms
04:35:39.519 [Test worker] INFO org.springframework.mock.web.MockServletContext -- Initializing Spring TestDispatcherServlet ''
04:35:39.519 [Test worker] INFO org.springframework.test.web.servlet.TestDispatcherServlet -- Initializing Servlet ''
04:35:39.519 [Test worker] INFO org.springframework.test.web.servlet.TestDispatcherServlet -- Completed initialization in 0 ms
04:35:39.531 [Test worker] INFO org.springframework.mock.web.MockServletContext -- Initializing Spring TestDispatcherServlet ''
04:35:39.532 [Test worker] INFO org.springframework.test.web.servlet.TestDispatcherServlet -- Initializing Servlet ''
04:35:39.532 [Test worker] INFO org.springframework.test.web.servlet.TestDispatcherServlet -- Completed initialization in 0 ms
]]></system-out>
  <system-err><![CDATA[Mockito is currently self-attaching to enable the inline-mock-maker. This will no longer work in future releases of the JDK. Please add Mockito as an agent to your build as described in Mockito's documentation: https://javadoc.io/doc/org.mockito/mockito-core/latest/org.mockito/org/mockito/Mockito.html#0.3
WARNING: A Java agent has been loaded dynamically (/Users/syuscherbina/.gradle/caches/modules-2/files-2.1/net.bytebuddy/byte-buddy-agent/1.17.8/f09415827a71be7ed621c7bd02550678f28bc81c/byte-buddy-agent-1.17.8.jar)
WARNING: If a serviceability tool is in use, please run with -XX:+EnableDynamicAgentLoading to hide this warning
WARNING: If a serviceability tool is not in use, please run with -Djdk.instrument.traceUsage for more information
WARNING: Dynamic loading of agents will be disallowed by default in a future release
]]></system-err>
</testsuite>
